#
# There is insufficient memory for the Java Runtime Environment to continue.
# Native memory allocation (mmap) failed to map 134217728 bytes for G1 virtual space
# Possible reasons:
#   The system is out of physical RAM or swap space
#   The process is running with CompressedOops enabled, and the Java Heap may be blocking the growth of the native heap
# Possible solutions:
#   Reduce memory load on the system
#   Increase physical memory or swap space
#   Check if swap backing store is full
#   Decrease Java heap size (-Xmx/-Xms)
#   Decrease number of Java threads
#   Decrease Java thread stack sizes (-Xss)
#   Set larger code cache with -XX:ReservedCodeCacheSize=
#   JVM is running with Unscaled Compressed Oops mode in which the Java heap is
#     placed in the first 4GB address space. The Java Heap base address is the
#     maximum limit for the native heap growth. Please use -XX:HeapBaseMinAddress
#     to set the Java Heap base and to place the Java Heap above 4GB virtual address.
# This output file may be truncated or incomplete.
#
#  Out of Memory Error (os_windows.cpp:3532), pid=1344, tid=8064
#
# JRE version:  (17.0.2+8) (build )
# Java VM: Java HotSpot(TM) 64-Bit Server VM (17.0.2+8-LTS-86, mixed mode, sharing, tiered, compressed oops, compressed class ptrs, g1 gc, windows-amd64)
# No core dump will be written. Minidumps are not enabled by default on client versions of Windows
#

---------------  S U M M A R Y ------------

Command Line: -javaagent:E:\IntelliJ IDEA 2021.3.2\lib\idea_rt.jar=54800:E:\IntelliJ IDEA 2021.3.2\bin -Dfile.encoding=UTF-8 SOAPPublisher

Host: Intel(R) Core(TM) i5-3470 CPU @ 3.20GHz, 4 cores, 7G,  Windows 10 , 64 bit Build 19041 (10.0.19041.1741)
Time: Thu Jun 30 13:23:30 2022 RTZ 2 (s 10 , 64 bit Build 19041 (10.0.19041.1741) elapsed time: 0.015455 seconds (0d 0h 0m 0s)

---------------  T H R E A D  ---------------

Current thread (0x000001ee8c682590):  JavaThread "Unknown thread" [_thread_in_vm, id=8064, stack(0x0000008996100000,0x0000008996200000)]

Stack: [0x0000008996100000,0x0000008996200000]
Native frames: (J=compiled Java code, j=interpreted, Vv=VM code, C=native code)
V  [jvm.dll+0x670baa]
V  [jvm.dll+0x7cfcb4]
V  [jvm.dll+0x7d145e]
V  [jvm.dll+0x7d1ac3]
V  [jvm.dll+0x242bc5]
V  [jvm.dll+0x66dac9]
V  [jvm.dll+0x662412]
V  [jvm.dll+0x300c0b]
V  [jvm.dll+0x3081a6]
V  [jvm.dll+0x357d0e]
V  [jvm.dll+0x357f3f]
V  [jvm.dll+0x2d7ec8]
V  [jvm.dll+0x2d8e34]
V  [jvm.dll+0x7a18c1]
V  [jvm.dll+0x365a91]
V  [jvm.dll+0x780d2c]
V  [jvm.dll+0x3e845f]
V  [jvm.dll+0x3e9f01]
C  [jli.dll+0x527b]
C  [ucrtbase.dll+0x21bb2]
C  [KERNEL32.DLL+0x17034]
C  [ntdll.dll+0x52651]


---------------  P R O C E S S  ---------------

Threads class SMR info:
_java_thread_list=0x00007ff89daf9858, length=0, elements={
}

Java Threads: ( => current thread )

Other Threads:
  0x000001ee8c6c18c0 GCTaskThread "GC Thread#0" [stack: 0x0000008996200000,0x0000008996300000] [id=10344]
  0x000001ee8c6d35a0 ConcurrentGCThread "G1 Main Marker" [stack: 0x0000008996300000,0x0000008996400000] [id=13568]
  0x000001ee8c6d4660 ConcurrentGCThread "G1 Conc#0" [stack: 0x0000008996400000,0x0000008996500000] [id=9848]

[error occurred during error reporting (printing all threads), id 0xc0000005, EXCEPTION_ACCESS_VIOLATION (0xc0000005) at pc=0x00007ff89d3488a7]

VM state: not at safepoint (not fully initialized)

VM Mutex/Monitor currently owned by a thread:  ([mutex/lock_event])
[0x000001ee8c67e590] Heap_lock - owner thread: 0x000001ee8c682590

Heap address: 0x0000000080c00000, size: 2036 MB, Compressed Oops mode: 32-bit

CDS archive(s) mapped at: [0x0000000000000000-0x0000000000000000-0x0000000000000000), size 0, SharedBaseAddress: 0x0000000800000000, ArchiveRelocationMode: 0.
Narrow klass base: 0x0000000000000000, Narrow klass shift: 0, Narrow klass range: 0x0

GC Precious Log:
<Empty>

Heap:
 garbage-first heap   total 0K, used 0K [0x0000000080c00000, 0x0000000100000000)
  region size 1024K, 0 young (0K), 0 survivors (0K)

[error occurred during error reporting (printing heap information), id 0xc0000005, EXCEPTION_ACCESS_VIOLATION (0xc0000005) at pc=0x00007ff89d729f19]

GC Heap History (0 events):
No events

Deoptimization events (0 events):
No events

Classes unloaded (0 events):
No events

Classes redefined (0 events):
No events

Internal exceptions (0 events):
No events

VM Operations (0 events):
No events

Events (1 events):
Event: 0.010 Loaded shared library C:\Program Files\Java\jdk-17.0.2\bin\java.dll


Dynamic libraries:
0x00007ff70b9b0000 - 0x00007ff70b9c0000 	C:\Program Files\Java\jdk-17.0.2\bin\java.exe
0x00007ff8ca050000 - 0x00007ff8ca247000 	C:\WINDOWS\SYSTEM32\ntdll.dll
0x00007ff8c9380000 - 0x00007ff8c943d000 	C:\WINDOWS\System32\KERNEL32.DLL
0x00007ff8c7d40000 - 0x00007ff8c800d000 	C:\WINDOWS\System32\KERNELBASE.dll
0x00007ff8c7850000 - 0x00007ff8c7950000 	C:\WINDOWS\System32\ucrtbase.dll
0x00007ff8ae480000 - 0x00007ff8ae498000 	C:\Program Files\Java\jdk-17.0.2\bin\jli.dll
0x00007ff8c9a10000 - 0x00007ff8c9abe000 	C:\WINDOWS\System32\ADVAPI32.dll
0x00007ff8c85d0000 - 0x00007ff8c866e000 	C:\WINDOWS\System32\msvcrt.dll
0x00007ff8c8310000 - 0x00007ff8c83ac000 	C:\WINDOWS\System32\sechost.dll
0x00007ff8c91d0000 - 0x00007ff8c92f5000 	C:\WINDOWS\System32\RPCRT4.dll
0x00007ff8c9640000 - 0x00007ff8c97e0000 	C:\WINDOWS\System32\USER32.dll
0x00007ff8c7b50000 - 0x00007ff8c7b72000 	C:\WINDOWS\System32\win32u.dll
0x00007ff8c83b0000 - 0x00007ff8c83da000 	C:\WINDOWS\System32\GDI32.dll
0x00007ff8c7c30000 - 0x00007ff8c7d3b000 	C:\WINDOWS\System32\gdi32full.dll
0x00007ff8c7950000 - 0x00007ff8c79ed000 	C:\WINDOWS\System32\msvcp_win.dll
0x00007ff8ae4a0000 - 0x00007ff8ae4ba000 	C:\Program Files\Java\jdk-17.0.2\bin\VCRUNTIME140.dll
0x00007ff8b68b0000 - 0x00007ff8b6b4a000 	C:\WINDOWS\WinSxS\amd64_microsoft.windows.common-controls_6595b64144ccf1df_6.0.19041.1110_none_60b5254171f9507e\COMCTL32.dll
0x00007ff8c2710000 - 0x00007ff8c271a000 	C:\WINDOWS\SYSTEM32\VERSION.dll
0x00007ff8c8250000 - 0x00007ff8c8280000 	C:\WINDOWS\System32\IMM32.DLL
0x00007ff8c32f0000 - 0x00007ff8c32fc000 	C:\Program Files\Java\jdk-17.0.2\bin\vcruntime140_1.dll
0x00007ff8a34e0000 - 0x00007ff8a356d000 	C:\Program Files\Java\jdk-17.0.2\bin\msvcp140.dll
0x00007ff89d060000 - 0x00007ff89dc21000 	C:\Program Files\Java\jdk-17.0.2\bin\server\jvm.dll
0x00007ff8c97e0000 - 0x00007ff8c97e8000 	C:\WINDOWS\System32\PSAPI.DLL
0x00007ff8b14d0000 - 0x00007ff8b14d9000 	C:\WINDOWS\SYSTEM32\WSOCK32.dll
0x00007ff8c8170000 - 0x00007ff8c81db000 	C:\WINDOWS\System32\WS2_32.dll
0x00007ff8bd580000 - 0x00007ff8bd5a7000 	C:\WINDOWS\SYSTEM32\WINMM.dll
0x00007ff8c56f0000 - 0x00007ff8c5702000 	C:\WINDOWS\SYSTEM32\kernel.appcore.dll
0x00007ff8c32d0000 - 0x00007ff8c32da000 	C:\Program Files\Java\jdk-17.0.2\bin\jimage.dll
0x00007ff8bbfd0000 - 0x00007ff8bc1b4000 	C:\WINDOWS\SYSTEM32\DBGHELP.DLL
0x00007ff8bbe00000 - 0x00007ff8bbe2c000 	C:\WINDOWS\SYSTEM32\dbgcore.DLL
0x00007ff8c8010000 - 0x00007ff8c8092000 	C:\WINDOWS\System32\bcryptPrimitives.dll
0x00007ff8c3210000 - 0x00007ff8c321e000 	C:\Program Files\Java\jdk-17.0.2\bin\instrument.dll
0x00007ff8adfc0000 - 0x00007ff8adfe5000 	C:\Program Files\Java\jdk-17.0.2\bin\java.dll

dbghelp: loaded successfully - version: 4.0.5 - missing functions: none
symbol engine: initialized successfully - sym options: 0x614 - pdb path: .;C:\Program Files\Java\jdk-17.0.2\bin;C:\WINDOWS\SYSTEM32;C:\WINDOWS\WinSxS\amd64_microsoft.windows.common-controls_6595b64144ccf1df_6.0.19041.1110_none_60b5254171f9507e;C:\Program Files\Java\jdk-17.0.2\bin\server

VM Arguments:
jvm_args: -javaagent:E:\IntelliJ IDEA 2021.3.2\lib\idea_rt.jar=54800:E:\IntelliJ IDEA 2021.3.2\bin -Dfile.encoding=UTF-8 
java_command: SOAPPublisher
java_class_path (initial): C:\Users\Иван-ПК\Desktop\Service-accountant\target\classes;C:\Users\Иван-ПК\.m2\repository\javax\servlet\javax.servlet-api\4.0.1\javax.servlet-api-4.0.1.jar;C:\Users\Иван-ПК\.m2\repository\org\apache\cxf\cxf-rt-frontend-jaxws\3.5.2\cxf-rt-frontend-jaxws-3.5.2.jar;C:\Users\Иван-ПК\.m2\repository\xml-resolver\xml-resolver\1.2\xml-resolver-1.2.jar;C:\Users\Иван-ПК\.m2\repository\org\ow2\asm\asm\9.3\asm-9.3.jar;C:\Users\Иван-ПК\.m2\repository\org\apache\cxf\cxf-core\3.5.2\cxf-core-3.5.2.jar;C:\Users\Иван-ПК\.m2\repository\org\glassfish\jaxb\jaxb-runtime\2.3.5\jaxb-runtime-2.3.5.jar;C:\Users\Иван-ПК\.m2\repository\org\glassfish\jaxb\txw2\2.3.5\txw2-2.3.5.jar;C:\Users\Иван-ПК\.m2\repository\com\sun\istack\istack-commons-runtime\3.0.12\istack-commons-runtime-3.0.12.jar;C:\Users\Иван-ПК\.m2\repository\com\sun\activation\jakarta.activation\1.2.2\jakarta.activation-1.2.2.jar;C:\Users\Иван-ПК\.m2\repository\org\apache\ws\xmlschema\xmlschema-core\2.3.0\xmlschema-core-2.3.0.jar;C:\Users\Иван-ПК\.m2\repository\org\apache\cxf\cxf-rt-bindings-soap\3.5.2\cxf-rt-bindings-soap-3.5.2.jar;C:\Users\Иван-ПК\.m2\repository\org\apache\cxf\cxf-rt-databinding-jaxb\3.5.2\cxf-rt-databinding-jaxb-3.5.2.jar;C:\Users\Иван-ПК\.m2\repository\org\apache\cxf\cxf-rt-bindings-xml\3.5.2\cxf-rt-bindings-xml-3.5.2.jar;C:\Users\Иван-ПК\.m2\repository\org\apache\cxf\cxf-rt-ws-addr\3.5.2\cxf-rt-ws-addr-3.5.2.jar;C:\Users\Иван-ПК\.m2\repository\org\apache\cxf\cxf-rt-ws-policy\3.5.2\cxf-rt-ws-policy-3.5.2.jar;C:\Users\Иван-ПК\.m2\repository\org\apache\neethi\neethi\3.2.0\neethi-3.2.0.jar;C:\Users\Иван-ПК\.m2\repository\org\apache\cxf\cxf-rt-frontend-simple\3.5.2\cxf-rt-frontend-simple-3.5.2.jar;C:\Users\Иван-ПК\.m2\repository\org\apache\cxf\cxf-rt-wsdl\3.5.2\cxf-rt-wsdl-3.5.2.jar;C:\Users\Иван-ПК\.m2\repository\wsdl4j\wsdl4j\1.6.3\wsdl4j-1.6.3.jar;C:\Users\Иван-ПК\.m2\repository\org\apache\maven\maven-plugin-api\3.3.9\maven-plugin-api-3.3.9.jar;C:\Users\Иван-ПК\.m2\repository\org\ap
Launcher Type: SUN_STANDARD

[Global flags]
     intx CICompilerCount                          = 3                                         {product} {ergonomic}
     uint ConcGCThreads                            = 1                                         {product} {ergonomic}
     uint G1ConcRefinementThreads                  = 4                                         {product} {ergonomic}
   size_t G1HeapRegionSize                         = 1048576                                   {product} {ergonomic}
    uintx GCDrainStackTargetSize                   = 64                                        {product} {ergonomic}
   size_t InitialHeapSize                          = 134217728                                 {product} {ergonomic}
   size_t MarkStackSize                            = 4194304                                   {product} {ergonomic}
   size_t MaxHeapSize                              = 2134900736                                {product} {ergonomic}
   size_t MinHeapDeltaBytes                        = 1048576                                   {product} {ergonomic}
   size_t MinHeapSize                              = 8388608                                   {product} {ergonomic}
    uintx NonNMethodCodeHeapSize                   = 5832780                                {pd product} {ergonomic}
    uintx NonProfiledCodeHeapSize                  = 122912730                              {pd product} {ergonomic}
    uintx ProfiledCodeHeapSize                     = 122912730                              {pd product} {ergonomic}
    uintx ReservedCodeCacheSize                    = 251658240                              {pd product} {ergonomic}
     bool SegmentedCodeCache                       = true                                      {product} {ergonomic}
   size_t SoftMaxHeapSize                          = 2134900736                             {manageable} {ergonomic}
     bool UseCompressedClassPointers               = true                           {product lp64_product} {ergonomic}
     bool UseCompressedOops                        = true                           {product lp64_product} {ergonomic}
     bool UseG1GC                                  = true                                      {product} {ergonomic}
     bool UseLargePagesIndividualAllocation        = false                                  {pd product} {ergonomic}

Logging:
Log output configuration:
 #0: stdout all=warning uptime,level,tags
 #1: stderr all=off uptime,level,tags

Environment Variables:
JAVA_HOME=C:\Program Files\Java\jdk1.8.0_202
PATH=C:\Program Files (x86)\Common Files\Oracle\Java\javapath;C:\Program Files\Common Files\Oracle\Java\javapath;C:\WINDOWS\system32;C:\WINDOWS;C:\WINDOWS\System32\Wbem;C:\WINDOWS\System32\WindowsPowerShell\v1.0\;C:\Program Files\Java\jdk1.8.0_202\bin;C:\WINDOWS\System32\OpenSSH\;C:\Program Files\Git\cmd;C:\Users\Иван-ПК\AppData\Local\Microsoft\WindowsApps;E:\;C:\Users\Иван-ПК\AppData\Local\GitHubDesktop\bin
USERNAME=Иван-ПК
OS=Windows_NT
PROCESSOR_IDENTIFIER=Intel64 Family 6 Model 58 Stepping 9, GenuineIntel



---------------  S Y S T E M  ---------------

OS:
 Windows 10 , 64 bit Build 19041 (10.0.19041.1741)
OS uptime: 0 days 3:03 hours

CPU: total 4 (initial active 4) (4 cores per cpu, 1 threads per core) family 6 model 58 stepping 9 microcode 0x21, cx8, cmov, fxsr, mmx, sse, sse2, sse3, ssse3, sse4.1, sse4.2, popcnt, tsc, tscinvbit, avx, aes, erms, clmul, vzeroupper, clflush

Memory: 4k page, system-wide physical 8138M (813M free)
TotalPageFile size 12716M (AvailPageFile size 96M)
current process WorkingSet (physical memory assigned to process): 10M, peak: 10M
current process commit charge ("private bytes"): 51M, peak: 179M

vm_info: Java HotSpot(TM) 64-Bit Server VM (17.0.2+8-LTS-86) for windows-amd64 JRE (17.0.2+8-LTS-86), built on Dec  7 2021 21:51:03 by "mach5one" with MS VC++ 16.8 / 16.9 (VS2019)

END.
